  compilation object save succeeded; see C:\Users\Greg\Documents\Courseworks\DirectX Year 3\week17\DX11_CS3S664_Tutorial_17_Part1 - START\Shaders\cso\basic_colour_ps.cso
  compilation object save succeeded; see C:\Users\Greg\Documents\Courseworks\DirectX Year 3\week17\DX11_CS3S664_Tutorial_17_Part1 - START\Shaders\cso\basic_colour_vs.cso
C:\Users\Greg\Documents\Courseworks\DirectX Year 3\week17\DX11_CS3S664_Tutorial_17_Part1 - START\Shaders\hlsl\basic_lighting_vs.hlsl(35,23-54): warning X3578: Output value 'main' is not completely initialized
  
  compilation object save succeeded; see C:\Users\Greg\Documents\Courseworks\DirectX Year 3\week17\DX11_CS3S664_Tutorial_17_Part1 - START\Shaders\cso\basic_lighting_vs.cso
  compilation object save succeeded; see C:\Users\Greg\Documents\Courseworks\DirectX Year 3\week17\DX11_CS3S664_Tutorial_17_Part1 - START\Shaders\cso\basic_texture_ps.cso
  compilation object save succeeded; see C:\Users\Greg\Documents\Courseworks\DirectX Year 3\week17\DX11_CS3S664_Tutorial_17_Part1 - START\Shaders\cso\basic_texture_vs.cso
  compilation object save succeeded; see C:\Users\Greg\Documents\Courseworks\DirectX Year 3\week17\DX11_CS3S664_Tutorial_17_Part1 - START\Shaders\cso\ocean_ps.cso
C:\Users\Greg\Documents\Courseworks\DirectX Year 3\week17\DX11_CS3S664_Tutorial_17_Part1 - START\Shaders\hlsl\ocean_vs.hlsl(154,15-25): warning X3206: implicit truncation of vector type
  
  compilation object save succeeded; see C:\Users\Greg\Documents\Courseworks\DirectX Year 3\week17\DX11_CS3S664_Tutorial_17_Part1 - START\Shaders\cso\ocean_vs.cso
C:\Users\Greg\Documents\Courseworks\DirectX Year 3\week17\DX11_CS3S664_Tutorial_17_Part1 - START\Shaders\hlsl\per_pixel_lighting_ps.hlsl(84,18-45): warning X3206: implicit truncation of vector type
C:\Users\Greg\Documents\Courseworks\DirectX Year 3\week17\DX11_CS3S664_Tutorial_17_Part1 - START\Shaders\hlsl\per_pixel_lighting_ps.hlsl(91,12-69): warning X3206: implicit truncation of vector type
C:\Users\Greg\Documents\Courseworks\DirectX Year 3\week17\DX11_CS3S664_Tutorial_17_Part1 - START\Shaders\hlsl\per_pixel_lighting_ps.hlsl(96,28-42): warning X3206: implicit truncation of vector type
C:\Users\Greg\Documents\Courseworks\DirectX Year 3\week17\DX11_CS3S664_Tutorial_17_Part1 - START\Shaders\hlsl\per_pixel_lighting_ps.hlsl(101,12-57): warning X3206: implicit truncation of vector type
  
  compilation object save succeeded; see C:\Users\Greg\Documents\Courseworks\DirectX Year 3\week17\DX11_CS3S664_Tutorial_17_Part1 - START\Shaders\cso\per_pixel_lighting_ps.cso
C:\Users\Greg\Documents\Courseworks\DirectX Year 3\week17\DX11_CS3S664_Tutorial_17_Part1 - START\Shaders\hlsl\per_pixel_lighting_vs.hlsl(65,2-68): warning X3206: implicit truncation of vector type
  
  compilation object save succeeded; see C:\Users\Greg\Documents\Courseworks\DirectX Year 3\week17\DX11_CS3S664_Tutorial_17_Part1 - START\Shaders\cso\per_pixel_lighting_vs.cso
C:\Users\Greg\Documents\Courseworks\DirectX Year 3\week17\DX11_CS3S664_Tutorial_17_Part1 - START\Shaders\hlsl\reflection_map_ps.hlsl(93,23-50): warning X3206: implicit truncation of vector type
C:\Users\Greg\Documents\Courseworks\DirectX Year 3\week17\DX11_CS3S664_Tutorial_17_Part1 - START\Shaders\hlsl\reflection_map_ps.hlsl(101,17-75): warning X3206: implicit truncation of vector type
C:\Users\Greg\Documents\Courseworks\DirectX Year 3\week17\DX11_CS3S664_Tutorial_17_Part1 - START\Shaders\hlsl\reflection_map_ps.hlsl(109,28-42): warning X3206: implicit truncation of vector type
  
  compilation object save succeeded; see C:\Users\Greg\Documents\Courseworks\DirectX Year 3\week17\DX11_CS3S664_Tutorial_17_Part1 - START\Shaders\cso\reflection_map_ps.cso
  compilation object save succeeded; see C:\Users\Greg\Documents\Courseworks\DirectX Year 3\week17\DX11_CS3S664_Tutorial_17_Part1 - START\Shaders\cso\reflection_map_vs.cso
  compilation object save succeeded; see C:\Users\Greg\Documents\Courseworks\DirectX Year 3\week17\DX11_CS3S664_Tutorial_17_Part1 - START\Shaders\cso\sky_box_ps.cso
  compilation object save succeeded; see C:\Users\Greg\Documents\Courseworks\DirectX Year 3\week17\DX11_CS3S664_Tutorial_17_Part1 - START\Shaders\cso\sky_box_vs.cso
  stdafx.cpp
  Utils.cpp
  Triangle.cpp
  Texture.cpp
  Mesh.cpp
  Material.cpp
  main.cpp
  GUMemory.cpp
  CGDClock.cpp
  System.cpp
  Scene.cpp
c:\users\greg\documents\courseworks\directx year 3\week17\dx11_cs3s664_tutorial_17_part1 - start\source\scene.cpp(139): warning C4305: 'argument' : truncation from 'double' to 'float'
c:\users\greg\documents\courseworks\directx year 3\week17\dx11_cs3s664_tutorial_17_part1 - start\source\scene.cpp(140): warning C4305: 'argument' : truncation from 'double' to 'float'
c:\users\greg\documents\courseworks\directx year 3\week17\dx11_cs3s664_tutorial_17_part1 - start\source\scene.cpp(201): warning C4244: '=' : conversion from 'double' to 'FLOAT', possible loss of data
  Model.cpp
  Grid.cpp
c:\users\greg\documents\courseworks\directx year 3\week17\dx11_cs3s664_tutorial_17_part1 - start\source\grid.cpp(30): warning C4018: '<' : signed/unsigned mismatch
c:\users\greg\documents\courseworks\directx year 3\week17\dx11_cs3s664_tutorial_17_part1 - start\source\grid.cpp(32): warning C4018: '<' : signed/unsigned mismatch
c:\users\greg\documents\courseworks\directx year 3\week17\dx11_cs3s664_tutorial_17_part1 - start\source\grid.cpp(35): warning C4244: '=' : conversion from 'int' to 'float', possible loss of data
c:\users\greg\documents\courseworks\directx year 3\week17\dx11_cs3s664_tutorial_17_part1 - start\source\grid.cpp(36): warning C4244: '=' : conversion from 'int' to 'float', possible loss of data
c:\users\greg\documents\courseworks\directx year 3\week17\dx11_cs3s664_tutorial_17_part1 - start\source\grid.cpp(68): warning C4018: '<' : signed/unsigned mismatch
c:\users\greg\documents\courseworks\directx year 3\week17\dx11_cs3s664_tutorial_17_part1 - start\source\grid.cpp(70): warning C4018: '<' : signed/unsigned mismatch
  CGDConsole.cpp
  Effect.cpp
  Camera.cpp
c:\users\greg\documents\courseworks\directx year 3\week17\dx11_cs3s664_tutorial_17_part1 - start\source\camera.cpp(21): warning C4305: 'argument' : truncation from 'double' to 'float'
  Box.cpp
  BaseModel.cpp
  Animation.cpp
c:\users\greg\documents\courseworks\directx year 3\week17\dx11_cs3s664_tutorial_17_part1 - start\source\animation.cpp(67): warning C4244: 'argument' : conversion from 'double' to 'float', possible loss of data
  Generating Code...
c:\users\greg\documents\courseworks\directx year 3\week17\dx11_cs3s664_tutorial_17_part1 - start\source\box.cpp(155): warning C4715: 'Box::init' : not all control paths return a value
c:\users\greg\documents\courseworks\directx year 3\week17\dx11_cs3s664_tutorial_17_part1 - start\source\grid.cpp(116): warning C4715: 'Grid::init' : not all control paths return a value
c:\users\greg\documents\courseworks\directx year 3\week17\dx11_cs3s664_tutorial_17_part1 - start\source\triangle.cpp(78): warning C4715: 'Triangle::init' : not all control paths return a value
CoreStructures.lib(GUObject.obj) : warning LNK4204: 'C:\Users\Greg\Documents\Courseworks\DirectX Year 3\week17\DX11_CS3S664_Tutorial_17_Part1 - START\Debug\vc120.pdb' is missing debugging information for referencing module; linking object as if no debug info
  DX11Proj.vcxproj -> C:\Users\Greg\Documents\Courseworks\DirectX Year 3\week17\DX11_CS3S664_Tutorial_17_Part1 - START\Debug\DX11Proj.exe
